== hard overlay-off cycle ==
2026-02-27T19:52:54Z
AppID=2537590
overlay32=/home/th0rgal/snap/steam/common/.local/share/Steam/ubuntu12_32/gameoverlayrenderer.so
overlay64=/home/th0rgal/snap/steam/common/.local/share/Steam/ubuntu12_64/gameoverlayrenderer.so
overlay moved to backups
Dispatch via steam pipe
  AppID: 2537590
  URI:   steam://rungameid/2537590
  Pipe:  /home/th0rgal/snap/steam/common/.steam/steam.pipe
  GameAction before: 200
  StartSession before: 31
  GameAction after:  214
  StartSession after: 33
RESULT: dispatch accepted.
6:[2026-02-27 19:01:39] ExecCommandLine: "steam://rungameid/2537590"
9:[2026-02-27 19:01:41] GameAction [AppID 2537590, ActionID 4] : LaunchApp changed task to ProcessingInstallScript with ""
18:[2026-02-27 19:01:54] GameAction [AppID 2537590, ActionID 4] : LaunchApp changed task to CreatingProcess with ""
19:[2026-02-27 19:01:54] GameAction [AppID 2537590, ActionID 4] : LaunchApp waiting for user response to CreatingProcess ""
20:[2026-02-27 19:01:54] GameAction [AppID 2537590, ActionID 4] : LaunchApp continues with user response "CreatingProcess"
21:[2026-02-27 19:01:54] /bin/sh\0-c\0/home/th0rgal/snap/steam/common/.local/share/Steam/ubuntu12_32/steam-launch-wrapper -- /home/th0rgal/snap/steam/common/.local/share/Steam/ubuntu12_32/reaper SteamLaunch AppId=2537590 -- '/home/th0rgal/snap/steam/common/.local/share/Steam/steamapps/common/SteamLinuxRuntime_sniper'/_v2-entry-point --verb=waitforexitandrun -- '/home/th0rgal/snap/steam/common/.local/share/Steam/compatibilitytools.d/GE-Proton10-32'/proton waitforexitandrun  '/home/th0rgal/snap/steam/common/.local/share/Steam/steamapps/common/MSFS2024/FlightSimulator2024.exe'\0
22:[2026-02-27 19:01:54] Game process added : AppID 2537590 "/home/th0rgal/snap/steam/common/.local/share/Steam/ubuntu12_32/steam-launch-wrapper -- /home/th0rgal/snap/steam/common/.local/share/Steam/ubuntu12_32/reaper SteamLaunch AppId=2537590 -- '/home/th0rgal/snap/steam/common/.local/share/Steam/steamapps/common/SteamLinuxRuntime_sniper'/_v2-entry-point --verb=waitforexitandrun -- '/home/th0rgal/snap/steam/common/.local/share/Steam/compatibilitytools.d/GE-Proton10-32'/proton waitforexitandrun  '/home/th0rgal/snap/steam/common/.local/share/Steam/steamapps/common/MSFS2024/FlightSimulator2024.exe'", ProcID 152315, IP 0.0.0.0:0
30:[2026-02-27 19:02:06] Game process updated : AppID 2537590 "/home/th0rgal/snap/steam/common/.local/share/Steam/ubuntu12_32/steam-launch-wrapper -- /home/th0rgal/snap/steam/common/.local/share/Steam/ubuntu12_32/reaper SteamLaunch AppId=2537590 -- '/home/th0rgal/snap/steam/common/.local/share/Steam/steamapps/common/SteamLinuxRuntime_sniper'/_v2-entry-point --verb=waitforexitandrun -- '/home/th0rgal/snap/steam/common/.local/share/Steam/compatibilitytools.d/GE-Proton10-32'/proton waitforexitandrun  '/home/th0rgal/snap/steam/common/.local/share/Steam/steamapps/common/MSFS2024/FlightSimulator2024.exe'", ProcID 152389, IP 0.0.0.0:0
31:[2026-02-27 19:02:27] Game process updated : AppID 2537590 "/home/th0rgal/snap/steam/common/.local/share/Steam/ubuntu12_32/steam-launch-wrapper -- /home/th0rgal/snap/steam/common/.local/share/Steam/ubuntu12_32/reaper SteamLaunch AppId=2537590 -- '/home/th0rgal/snap/steam/common/.local/share/Steam/steamapps/common/SteamLinuxRuntime_sniper'/_v2-entry-point --verb=waitforexitandrun -- '/home/th0rgal/snap/steam/common/.local/share/Steam/compatibilitytools.d/GE-Proton10-32'/proton waitforexitandrun  '/home/th0rgal/snap/steam/common/.local/share/Steam/steamapps/common/MSFS2024/FlightSimulator2024.exe'", ProcID 152490, IP 0.0.0.0:0
40:[2026-02-27 19:02:34] Game process removed: AppID 2537590 "/home/th0rgal/snap/steam/common/.local/share/Steam/ubuntu12_32/steam-launch-wrapper -- /home/th0rgal/snap/steam/common/.local/share/Steam/ubuntu12_32/reaper SteamLaunch AppId=2537590 -- '/home/th0rgal/snap/steam/common/.local/share/Steam/steamapps/common/SteamLinuxRuntime_sniper'/_v2-entry-point --verb=waitforexitandrun -- '/home/th0rgal/snap/steam/common/.local/share/Steam/compatibilitytools.d/GE-Proton10-32'/proton waitforexitandrun  '/home/th0rgal/snap/steam/common/.local/share/Steam/steamapps/common/MSFS2024/FlightSimulator2024.exe'", ProcID 152490 
44:[2026-02-27 19:05:46] ExecCommandLine: "steam://rungameid/2537590"
47:[2026-02-27 19:05:47] GameAction [AppID 2537590, ActionID 5] : LaunchApp changed task to ProcessingInstallScript with ""
56:[2026-02-27 19:06:00] GameAction [AppID 2537590, ActionID 5] : LaunchApp changed task to CreatingProcess with ""
57:[2026-02-27 19:06:00] GameAction [AppID 2537590, ActionID 5] : LaunchApp waiting for user response to CreatingProcess ""
58:[2026-02-27 19:06:00] GameAction [AppID 2537590, ActionID 5] : LaunchApp continues with user response "CreatingProcess"
59:[2026-02-27 19:06:00] /bin/sh\0-c\0/home/th0rgal/snap/steam/common/.local/share/Steam/ubuntu12_32/steam-launch-wrapper -- /home/th0rgal/snap/steam/common/.local/share/Steam/ubuntu12_32/reaper SteamLaunch AppId=2537590 -- '/home/th0rgal/snap/steam/common/.local/share/Steam/steamapps/common/SteamLinuxRuntime_sniper'/_v2-entry-point --verb=waitforexitandrun -- '/home/th0rgal/snap/steam/common/.local/share/Steam/compatibilitytools.d/GE-Proton10-32'/proton waitforexitandrun  '/home/th0rgal/snap/steam/common/.local/share/Steam/steamapps/common/MSFS2024/FlightSimulator2024.exe'\0
60:[2026-02-27 19:06:00] Game process added : AppID 2537590 "/home/th0rgal/snap/steam/common/.local/share/Steam/ubuntu12_32/steam-launch-wrapper -- /home/th0rgal/snap/steam/common/.local/share/Steam/ubuntu12_32/reaper SteamLaunch AppId=2537590 -- '/home/th0rgal/snap/steam/common/.local/share/Steam/steamapps/common/SteamLinuxRuntime_sniper'/_v2-entry-point --verb=waitforexitandrun -- '/home/th0rgal/snap/steam/common/.local/share/Steam/compatibilitytools.d/GE-Proton10-32'/proton waitforexitandrun  '/home/th0rgal/snap/steam/common/.local/share/Steam/steamapps/common/MSFS2024/FlightSimulator2024.exe'", ProcID 153627, IP 0.0.0.0:0
68:[2026-02-27 19:06:11] Game process updated : AppID 2537590 "/home/th0rgal/snap/steam/common/.local/share/Steam/ubuntu12_32/steam-launch-wrapper -- /home/th0rgal/snap/steam/common/.local/share/Steam/ubuntu12_32/reaper SteamLaunch AppId=2537590 -- '/home/th0rgal/snap/steam/common/.local/share/Steam/steamapps/common/SteamLinuxRuntime_sniper'/_v2-entry-point --verb=waitforexitandrun -- '/home/th0rgal/snap/steam/common/.local/share/Steam/compatibilitytools.d/GE-Proton10-32'/proton waitforexitandrun  '/home/th0rgal/snap/steam/common/.local/share/Steam/steamapps/common/MSFS2024/FlightSimulator2024.exe'", ProcID 153712, IP 0.0.0.0:0
69:[2026-02-27 19:06:32] Game process updated : AppID 2537590 "/home/th0rgal/snap/steam/common/.local/share/Steam/ubuntu12_32/steam-launch-wrapper -- /home/th0rgal/snap/steam/common/.local/share/Steam/ubuntu12_32/reaper SteamLaunch AppId=2537590 -- '/home/th0rgal/snap/steam/common/.local/share/Steam/steamapps/common/SteamLinuxRuntime_sniper'/_v2-entry-point --verb=waitforexitandrun -- '/home/th0rgal/snap/steam/common/.local/share/Steam/compatibilitytools.d/GE-Proton10-32'/proton waitforexitandrun  '/home/th0rgal/snap/steam/common/.local/share/Steam/steamapps/common/MSFS2024/FlightSimulator2024.exe'", ProcID 153812, IP 0.0.0.0:0
78:[2026-02-27 19:06:39] Game process removed: AppID 2537590 "/home/th0rgal/snap/steam/common/.local/share/Steam/ubuntu12_32/steam-launch-wrapper -- /home/th0rgal/snap/steam/common/.local/share/Steam/ubuntu12_32/reaper SteamLaunch AppId=2537590 -- '/home/th0rgal/snap/steam/common/.local/share/Steam/steamapps/common/SteamLinuxRuntime_sniper'/_v2-entry-point --verb=waitforexitandrun -- '/home/th0rgal/snap/steam/common/.local/share/Steam/compatibilitytools.d/GE-Proton10-32'/proton waitforexitandrun  '/home/th0rgal/snap/steam/common/.local/share/Steam/steamapps/common/MSFS2024/FlightSimulator2024.exe'", ProcID 153812 
82:[2026-02-27 19:25:03] ExecCommandLine: "steam://rungameid/2537590"
85:[2026-02-27 19:25:05] GameAction [AppID 2537590, ActionID 6] : LaunchApp changed task to ProcessingInstallScript with ""
94:[2026-02-27 19:25:17] GameAction [AppID 2537590, ActionID 6] : LaunchApp changed task to CreatingProcess with ""
95:[2026-02-27 19:25:17] GameAction [AppID 2537590, ActionID 6] : LaunchApp waiting for user response to CreatingProcess ""
96:[2026-02-27 19:25:17] GameAction [AppID 2537590, ActionID 6] : LaunchApp continues with user response "CreatingProcess"
97:[2026-02-27 19:25:17] /bin/sh\0-c\0/home/th0rgal/snap/steam/common/.local/share/Steam/ubuntu12_32/steam-launch-wrapper -- /home/th0rgal/snap/steam/common/.local/share/Steam/ubuntu12_32/reaper SteamLaunch AppId=2537590 -- '/home/th0rgal/snap/steam/common/.local/share/Steam/steamapps/common/SteamLinuxRuntime_sniper'/_v2-entry-point --verb=waitforexitandrun -- '/home/th0rgal/snap/steam/common/.local/share/Steam/compatibilitytools.d/GE-Proton10-32'/proton waitforexitandrun  '/home/th0rgal/snap/steam/common/.local/share/Steam/steamapps/common/MSFS2024/FlightSimulator2024.exe'\0
98:[2026-02-27 19:25:17] Game process added : AppID 2537590 "/home/th0rgal/snap/steam/common/.local/share/Steam/ubuntu12_32/steam-launch-wrapper -- /home/th0rgal/snap/steam/common/.local/share/Steam/ubuntu12_32/reaper SteamLaunch AppId=2537590 -- '/home/th0rgal/snap/steam/common/.local/share/Steam/steamapps/common/SteamLinuxRuntime_sniper'/_v2-entry-point --verb=waitforexitandrun -- '/home/th0rgal/snap/steam/common/.local/share/Steam/compatibilitytools.d/GE-Proton10-32'/proton waitforexitandrun  '/home/th0rgal/snap/steam/common/.local/share/Steam/steamapps/common/MSFS2024/FlightSimulator2024.exe'", ProcID 155305, IP 0.0.0.0:0
106:[2026-02-27 19:25:28] Game process updated : AppID 2537590 "/home/th0rgal/snap/steam/common/.local/share/Steam/ubuntu12_32/steam-launch-wrapper -- /home/th0rgal/snap/steam/common/.local/share/Steam/ubuntu12_32/reaper SteamLaunch AppId=2537590 -- '/home/th0rgal/snap/steam/common/.local/share/Steam/steamapps/common/SteamLinuxRuntime_sniper'/_v2-entry-point --verb=waitforexitandrun -- '/home/th0rgal/snap/steam/common/.local/share/Steam/compatibilitytools.d/GE-Proton10-32'/proton waitforexitandrun  '/home/th0rgal/snap/steam/common/.local/share/Steam/steamapps/common/MSFS2024/FlightSimulator2024.exe'", ProcID 155377, IP 0.0.0.0:0
107:[2026-02-27 19:25:50] Game process updated : AppID 2537590 "/home/th0rgal/snap/steam/common/.local/share/Steam/ubuntu12_32/steam-launch-wrapper -- /home/th0rgal/snap/steam/common/.local/share/Steam/ubuntu12_32/reaper SteamLaunch AppId=2537590 -- '/home/th0rgal/snap/steam/common/.local/share/Steam/steamapps/common/SteamLinuxRuntime_sniper'/_v2-entry-point --verb=waitforexitandrun -- '/home/th0rgal/snap/steam/common/.local/share/Steam/compatibilitytools.d/GE-Proton10-32'/proton waitforexitandrun  '/home/th0rgal/snap/steam/common/.local/share/Steam/steamapps/common/MSFS2024/FlightSimulator2024.exe'", ProcID 155449, IP 0.0.0.0:0
116:[2026-02-27 19:25:56] Game process removed: AppID 2537590 "/home/th0rgal/snap/steam/common/.local/share/Steam/ubuntu12_32/steam-launch-wrapper -- /home/th0rgal/snap/steam/common/.local/share/Steam/ubuntu12_32/reaper SteamLaunch AppId=2537590 -- '/home/th0rgal/snap/steam/common/.local/share/Steam/steamapps/common/SteamLinuxRuntime_sniper'/_v2-entry-point --verb=waitforexitandrun -- '/home/th0rgal/snap/steam/common/.local/share/Steam/compatibilitytools.d/GE-Proton10-32'/proton waitforexitandrun  '/home/th0rgal/snap/steam/common/.local/share/Steam/steamapps/common/MSFS2024/FlightSimulator2024.exe'", ProcID 155449 
120:[2026-02-27 19:26:36] ExecCommandLine: "steam://rungameid/2537590"
123:[2026-02-27 19:26:36] GameAction [AppID 2537590, ActionID 7] : LaunchApp changed task to ProcessingInstallScript with ""
132:[2026-02-27 19:26:50] GameAction [AppID 2537590, ActionID 7] : LaunchApp changed task to CreatingProcess with ""
133:[2026-02-27 19:26:50] GameAction [AppID 2537590, ActionID 7] : LaunchApp waiting for user response to CreatingProcess ""
134:[2026-02-27 19:26:50] GameAction [AppID 2537590, ActionID 7] : LaunchApp continues with user response "CreatingProcess"
135:[2026-02-27 19:26:50] /bin/sh\0-c\0/home/th0rgal/snap/steam/common/.local/share/Steam/ubuntu12_32/steam-launch-wrapper -- /home/th0rgal/snap/steam/common/.local/share/Steam/ubuntu12_32/reaper SteamLaunch AppId=2537590 -- '/home/th0rgal/snap/steam/common/.local/share/Steam/steamapps/common/SteamLinuxRuntime_sniper'/_v2-entry-point --verb=waitforexitandrun -- '/home/th0rgal/snap/steam/common/.local/share/Steam/compatibilitytools.d/GE-Proton10-32'/proton waitforexitandrun  '/home/th0rgal/snap/steam/common/.local/share/Steam/steamapps/common/MSFS2024/FlightSimulator2024.exe'\0
136:[2026-02-27 19:26:50] Game process added : AppID 2537590 "/home/th0rgal/snap/steam/common/.local/share/Steam/ubuntu12_32/steam-launch-wrapper -- /home/th0rgal/snap/steam/common/.local/share/Steam/ubuntu12_32/reaper SteamLaunch AppId=2537590 -- '/home/th0rgal/snap/steam/common/.local/share/Steam/steamapps/common/SteamLinuxRuntime_sniper'/_v2-entry-point --verb=waitforexitandrun -- '/home/th0rgal/snap/steam/common/.local/share/Steam/compatibilitytools.d/GE-Proton10-32'/proton waitforexitandrun  '/home/th0rgal/snap/steam/common/.local/share/Steam/steamapps/common/MSFS2024/FlightSimulator2024.exe'", ProcID 155909, IP 0.0.0.0:0
144:[2026-02-27 19:27:01] Game process updated : AppID 2537590 "/home/th0rgal/snap/steam/common/.local/share/Steam/ubuntu12_32/steam-launch-wrapper -- /home/th0rgal/snap/steam/common/.local/share/Steam/ubuntu12_32/reaper SteamLaunch AppId=2537590 -- '/home/th0rgal/snap/steam/common/.local/share/Steam/steamapps/common/SteamLinuxRuntime_sniper'/_v2-entry-point --verb=waitforexitandrun -- '/home/th0rgal/snap/steam/common/.local/share/Steam/compatibilitytools.d/GE-Proton10-32'/proton waitforexitandrun  '/home/th0rgal/snap/steam/common/.local/share/Steam/steamapps/common/MSFS2024/FlightSimulator2024.exe'", ProcID 155981, IP 0.0.0.0:0
145:[2026-02-27 19:27:22] Game process updated : AppID 2537590 "/home/th0rgal/snap/steam/common/.local/share/Steam/ubuntu12_32/steam-launch-wrapper -- /home/th0rgal/snap/steam/common/.local/share/Steam/ubuntu12_32/reaper SteamLaunch AppId=2537590 -- '/home/th0rgal/snap/steam/common/.local/share/Steam/steamapps/common/SteamLinuxRuntime_sniper'/_v2-entry-point --verb=waitforexitandrun -- '/home/th0rgal/snap/steam/common/.local/share/Steam/compatibilitytools.d/GE-Proton10-32'/proton waitforexitandrun  '/home/th0rgal/snap/steam/common/.local/share/Steam/steamapps/common/MSFS2024/FlightSimulator2024.exe'", ProcID 156053, IP 0.0.0.0:0
153:[2026-02-27 19:27:29] Game process removed: AppID 2537590 "/home/th0rgal/snap/steam/common/.local/share/Steam/ubuntu12_32/steam-launch-wrapper -- /home/th0rgal/snap/steam/common/.local/share/Steam/ubuntu12_32/reaper SteamLaunch AppId=2537590 -- '/home/th0rgal/snap/steam/common/.local/share/Steam/steamapps/common/SteamLinuxRuntime_sniper'/_v2-entry-point --verb=waitforexitandrun -- '/home/th0rgal/snap/steam/common/.local/share/Steam/compatibilitytools.d/GE-Proton10-32'/proton waitforexitandrun  '/home/th0rgal/snap/steam/common/.local/share/Steam/steamapps/common/MSFS2024/FlightSimulator2024.exe'", ProcID 156053 
158:[2026-02-27 19:27:57] ExecCommandLine: "steam://install/3658110"
161:[2026-02-27 19:28:03] ExecCommandLine: "steam://install/2180100"
164:[2026-02-27 19:50:58] ExecCommandLine: "steam://rungameid/2537590"
167:[2026-02-27 19:51:00] GameAction [AppID 2537590, ActionID 8] : LaunchApp changed task to ProcessingInstallScript with ""
176:[2026-02-27 19:51:13] GameAction [AppID 2537590, ActionID 8] : LaunchApp changed task to CreatingProcess with ""
177:[2026-02-27 19:51:13] GameAction [AppID 2537590, ActionID 8] : LaunchApp waiting for user response to CreatingProcess ""
178:[2026-02-27 19:51:13] GameAction [AppID 2537590, ActionID 8] : LaunchApp continues with user response "CreatingProcess"
179:[2026-02-27 19:51:13] /bin/sh\0-c\0/home/th0rgal/snap/steam/common/.local/share/Steam/ubuntu12_32/steam-launch-wrapper -- /home/th0rgal/snap/steam/common/.local/share/Steam/ubuntu12_32/reaper SteamLaunch AppId=2537590 -- '/home/th0rgal/snap/steam/common/.local/share/Steam/steamapps/common/SteamLinuxRuntime_sniper'/_v2-entry-point --verb=waitforexitandrun -- '/home/th0rgal/snap/steam/common/.local/share/Steam/compatibilitytools.d/GE-Proton10-32'/proton waitforexitandrun  '/home/th0rgal/snap/steam/common/.local/share/Steam/steamapps/common/MSFS2024/FlightSimulator2024.exe'\0
180:[2026-02-27 19:51:13] Game process added : AppID 2537590 "/home/th0rgal/snap/steam/common/.local/share/Steam/ubuntu12_32/steam-launch-wrapper -- /home/th0rgal/snap/steam/common/.local/share/Steam/ubuntu12_32/reaper SteamLaunch AppId=2537590 -- '/home/th0rgal/snap/steam/common/.local/share/Steam/steamapps/common/SteamLinuxRuntime_sniper'/_v2-entry-point --verb=waitforexitandrun -- '/home/th0rgal/snap/steam/common/.local/share/Steam/compatibilitytools.d/GE-Proton10-32'/proton waitforexitandrun  '/home/th0rgal/snap/steam/common/.local/share/Steam/steamapps/common/MSFS2024/FlightSimulator2024.exe'", ProcID 159055, IP 0.0.0.0:0
188:[2026-02-27 19:51:24] Game process updated : AppID 2537590 "/home/th0rgal/snap/steam/common/.local/share/Steam/ubuntu12_32/steam-launch-wrapper -- /home/th0rgal/snap/steam/common/.local/share/Steam/ubuntu12_32/reaper SteamLaunch AppId=2537590 -- '/home/th0rgal/snap/steam/common/.local/share/Steam/steamapps/common/SteamLinuxRuntime_sniper'/_v2-entry-point --verb=waitforexitandrun -- '/home/th0rgal/snap/steam/common/.local/share/Steam/compatibilitytools.d/GE-Proton10-32'/proton waitforexitandrun  '/home/th0rgal/snap/steam/common/.local/share/Steam/steamapps/common/MSFS2024/FlightSimulator2024.exe'", ProcID 159135, IP 0.0.0.0:0
189:[2026-02-27 19:51:45] Game process updated : AppID 2537590 "/home/th0rgal/snap/steam/common/.local/share/Steam/ubuntu12_32/steam-launch-wrapper -- /home/th0rgal/snap/steam/common/.local/share/Steam/ubuntu12_32/reaper SteamLaunch AppId=2537590 -- '/home/th0rgal/snap/steam/common/.local/share/Steam/steamapps/common/SteamLinuxRuntime_sniper'/_v2-entry-point --verb=waitforexitandrun -- '/home/th0rgal/snap/steam/common/.local/share/Steam/compatibilitytools.d/GE-Proton10-32'/proton waitforexitandrun  '/home/th0rgal/snap/steam/common/.local/share/Steam/steamapps/common/MSFS2024/FlightSimulator2024.exe'", ProcID 159207, IP 0.0.0.0:0
198:[2026-02-27 19:51:52] Game process removed: AppID 2537590 "/home/th0rgal/snap/steam/common/.local/share/Steam/ubuntu12_32/steam-launch-wrapper -- /home/th0rgal/snap/steam/common/.local/share/Steam/ubuntu12_32/reaper SteamLaunch AppId=2537590 -- '/home/th0rgal/snap/steam/common/.local/share/Steam/steamapps/common/SteamLinuxRuntime_sniper'/_v2-entry-point --verb=waitforexitandrun -- '/home/th0rgal/snap/steam/common/.local/share/Steam/compatibilitytools.d/GE-Proton10-32'/proton waitforexitandrun  '/home/th0rgal/snap/steam/common/.local/share/Steam/steamapps/common/MSFS2024/FlightSimulator2024.exe'", ProcID 159207 
202:[2026-02-27 19:52:54] ExecCommandLine: "steam://rungameid/2537590"
205:[2026-02-27 19:52:55] GameAction [AppID 2537590, ActionID 9] : LaunchApp changed task to ProcessingInstallScript with ""
214:[2026-02-27 19:53:08] GameAction [AppID 2537590, ActionID 9] : LaunchApp changed task to CreatingProcess with ""
215:[2026-02-27 19:53:08] GameAction [AppID 2537590, ActionID 9] : LaunchApp waiting for user response to CreatingProcess ""
216:[2026-02-27 19:53:08] GameAction [AppID 2537590, ActionID 9] : LaunchApp continues with user response "CreatingProcess"
217:[2026-02-27 19:53:08] /bin/sh\0-c\0/home/th0rgal/snap/steam/common/.local/share/Steam/ubuntu12_32/steam-launch-wrapper -- /home/th0rgal/snap/steam/common/.local/share/Steam/ubuntu12_32/reaper SteamLaunch AppId=2537590 -- '/home/th0rgal/snap/steam/common/.local/share/Steam/steamapps/common/SteamLinuxRuntime_sniper'/_v2-entry-point --verb=waitforexitandrun -- '/home/th0rgal/snap/steam/common/.local/share/Steam/compatibilitytools.d/GE-Proton10-32'/proton waitforexitandrun  '/home/th0rgal/snap/steam/common/.local/share/Steam/steamapps/common/MSFS2024/FlightSimulator2024.exe'\0
218:[2026-02-27 19:53:08] Game process added : AppID 2537590 "/home/th0rgal/snap/steam/common/.local/share/Steam/ubuntu12_32/steam-launch-wrapper -- /home/th0rgal/snap/steam/common/.local/share/Steam/ubuntu12_32/reaper SteamLaunch AppId=2537590 -- '/home/th0rgal/snap/steam/common/.local/share/Steam/steamapps/common/SteamLinuxRuntime_sniper'/_v2-entry-point --verb=waitforexitandrun -- '/home/th0rgal/snap/steam/common/.local/share/Steam/compatibilitytools.d/GE-Proton10-32'/proton waitforexitandrun  '/home/th0rgal/snap/steam/common/.local/share/Steam/steamapps/common/MSFS2024/FlightSimulator2024.exe'", ProcID 159828, IP 0.0.0.0:0
12:[2026-02-27 15:49:46] AppID 2537590 state changed : Fully Installed,App Running,
13:[2026-02-27 15:49:48] AppID 2537590 state changed : Fully Installed,
14:[2026-02-27 15:49:55] AppID 2537590 state changed : Fully Installed,App Running,
15:[2026-02-27 15:49:57] AppID 2537590 state changed : Fully Installed,
94:[2026-02-27 18:15:59] AppID 2537590 state changed : Fully Installed,App Running,
95:[2026-02-27 18:16:47] AppID 2537590 state changed : Fully Installed,
96:[2026-02-27 18:19:45] AppID 2537590 state changed : Fully Installed,App Running,
97:[2026-02-27 18:20:23] AppID 2537590 state changed : Fully Installed,
104:[2026-02-27 18:45:07] AppID 2537590 state changed : Fully Installed,App Running,
105:[2026-02-27 18:45:45] AppID 2537590 state changed : Fully Installed,
106:[2026-02-27 18:46:57] AppID 2537590 state changed : Fully Installed,App Running,
107:[2026-02-27 18:47:36] AppID 2537590 state changed : Fully Installed,
108:[2026-02-27 18:49:20] AppID 2537590 state changed : Fully Installed,App Running,
109:[2026-02-27 18:49:59] AppID 2537590 state changed : Fully Installed,
110:[2026-02-27 19:01:54] AppID 2537590 state changed : Fully Installed,App Running,
111:[2026-02-27 19:02:34] AppID 2537590 state changed : Fully Installed,
112:[2026-02-27 19:06:00] AppID 2537590 state changed : Fully Installed,App Running,
113:[2026-02-27 19:06:39] AppID 2537590 state changed : Fully Installed,
114:[2026-02-27 19:25:17] AppID 2537590 state changed : Fully Installed,App Running,
115:[2026-02-27 19:25:56] AppID 2537590 state changed : Fully Installed,
116:[2026-02-27 19:26:50] AppID 2537590 state changed : Fully Installed,App Running,
117:[2026-02-27 19:27:29] AppID 2537590 state changed : Fully Installed,
118:[2026-02-27 19:51:13] AppID 2537590 state changed : Fully Installed,App Running,
119:[2026-02-27 19:51:52] AppID 2537590 state changed : Fully Installed,
120:[2026-02-27 19:53:08] AppID 2537590 state changed : Fully Installed,App Running,
59:[2026-02-27 19:25:28] Command prefix for tool 1628350 "Steam Linux Runtime 3.0 (sniper)" set to: "'/home/th0rgal/snap/steam/common/.local/share/Steam/steamapps/common/SteamLinuxRuntime_sniper'/_v2-entry-point --verb=run -- ".
60:[2026-02-27 19:25:28] Command prefix for tool 1493710 "Proton Experimental" set to: "'/home/th0rgal/snap/steam/common/.local/share/Steam/steamapps/common/SteamLinuxRuntime_sniper'/_v2-entry-point --verb=run -- '/home/th0rgal/snap/steam/common/.local/share/Steam/compatibilitytools.d/GE-Proton10-32'/proton run ".
62:[2026-02-27 19:25:50] Command prefix for tool 1628350 "Steam Linux Runtime 3.0 (sniper)" set to: "'/home/th0rgal/snap/steam/common/.local/share/Steam/steamapps/common/SteamLinuxRuntime_sniper'/_v2-entry-point --verb=run -- ".
63:[2026-02-27 19:25:50] Command prefix for tool 1493710 "Proton Experimental" set to: "'/home/th0rgal/snap/steam/common/.local/share/Steam/steamapps/common/SteamLinuxRuntime_sniper'/_v2-entry-point --verb=run -- '/home/th0rgal/snap/steam/common/.local/share/Steam/compatibilitytools.d/GE-Proton10-32'/proton run ".
65:[2026-02-27 19:26:36] StartSession: appID 2537590 session 5892c2d127956f99
66:[2026-02-27 19:26:36] StartSession: appID 2537590 added secondary session 88cb24a9c126a5b4 to session 5892c2d127956f99
68:[2026-02-27 19:26:36] Command prefix for tool 1628350 "Steam Linux Runtime 3.0 (sniper)" set to: "'/home/th0rgal/snap/steam/common/.local/share/Steam/steamapps/common/SteamLinuxRuntime_sniper'/_v2-entry-point --verb=run -- ".
69:[2026-02-27 19:26:36] Command prefix for tool 1493710 "Proton Experimental" set to: "'/home/th0rgal/snap/steam/common/.local/share/Steam/steamapps/common/SteamLinuxRuntime_sniper'/_v2-entry-point --verb=run -- '/home/th0rgal/snap/steam/common/.local/share/Steam/compatibilitytools.d/GE-Proton10-32'/proton run ".
72:[2026-02-27 19:26:50] Command prefix for tool 1628350 "Steam Linux Runtime 3.0 (sniper)" set to: "'/home/th0rgal/snap/steam/common/.local/share/Steam/steamapps/common/SteamLinuxRuntime_sniper'/_v2-entry-point --verb=waitforexitandrun -- ".
73:[2026-02-27 19:26:50] Command prefix for tool 1493710 "Proton Experimental" set to: "'/home/th0rgal/snap/steam/common/.local/share/Steam/steamapps/common/SteamLinuxRuntime_sniper'/_v2-entry-point --verb=waitforexitandrun -- '/home/th0rgal/snap/steam/common/.local/share/Steam/compatibilitytools.d/GE-Proton10-32'/proton waitforexitandrun ".
75:[2026-02-27 19:26:50] Command prefix for tool 1628350 "Steam Linux Runtime 3.0 (sniper)" set to: "'/home/th0rgal/snap/steam/common/.local/share/Steam/steamapps/common/SteamLinuxRuntime_sniper'/_v2-entry-point --verb=run -- ".
76:[2026-02-27 19:26:50] Command prefix for tool 1493710 "Proton Experimental" set to: "'/home/th0rgal/snap/steam/common/.local/share/Steam/steamapps/common/SteamLinuxRuntime_sniper'/_v2-entry-point --verb=run -- '/home/th0rgal/snap/steam/common/.local/share/Steam/compatibilitytools.d/GE-Proton10-32'/proton run ".
78:[2026-02-27 19:26:51] Command prefix for tool 1628350 "Steam Linux Runtime 3.0 (sniper)" set to: "'/home/th0rgal/snap/steam/common/.local/share/Steam/steamapps/common/SteamLinuxRuntime_sniper'/_v2-entry-point --verb=run -- ".
79:[2026-02-27 19:26:51] Command prefix for tool 1493710 "Proton Experimental" set to: "'/home/th0rgal/snap/steam/common/.local/share/Steam/steamapps/common/SteamLinuxRuntime_sniper'/_v2-entry-point --verb=run -- '/home/th0rgal/snap/steam/common/.local/share/Steam/compatibilitytools.d/GE-Proton10-32'/proton run ".
81:[2026-02-27 19:27:01] Command prefix for tool 1628350 "Steam Linux Runtime 3.0 (sniper)" set to: "'/home/th0rgal/snap/steam/common/.local/share/Steam/steamapps/common/SteamLinuxRuntime_sniper'/_v2-entry-point --verb=run -- ".
82:[2026-02-27 19:27:01] Command prefix for tool 1493710 "Proton Experimental" set to: "'/home/th0rgal/snap/steam/common/.local/share/Steam/steamapps/common/SteamLinuxRuntime_sniper'/_v2-entry-point --verb=run -- '/home/th0rgal/snap/steam/common/.local/share/Steam/compatibilitytools.d/GE-Proton10-32'/proton run ".
84:[2026-02-27 19:27:22] Command prefix for tool 1628350 "Steam Linux Runtime 3.0 (sniper)" set to: "'/home/th0rgal/snap/steam/common/.local/share/Steam/steamapps/common/SteamLinuxRuntime_sniper'/_v2-entry-point --verb=run -- ".
85:[2026-02-27 19:27:22] Command prefix for tool 1493710 "Proton Experimental" set to: "'/home/th0rgal/snap/steam/common/.local/share/Steam/steamapps/common/SteamLinuxRuntime_sniper'/_v2-entry-point --verb=run -- '/home/th0rgal/snap/steam/common/.local/share/Steam/compatibilitytools.d/GE-Proton10-32'/proton run ".
87:[2026-02-27 19:50:58] StartSession: appID 2537590 session ddf94bacb7040364
88:[2026-02-27 19:51:00] StartSession: appID 2537590 added secondary session 963eb7e2c5b18074 to session ddf94bacb7040364
90:[2026-02-27 19:51:00] Command prefix for tool 1628350 "Steam Linux Runtime 3.0 (sniper)" set to: "'/home/th0rgal/snap/steam/common/.local/share/Steam/steamapps/common/SteamLinuxRuntime_sniper'/_v2-entry-point --verb=run -- ".
91:[2026-02-27 19:51:00] Command prefix for tool 1493710 "Proton Experimental" set to: "'/home/th0rgal/snap/steam/common/.local/share/Steam/steamapps/common/SteamLinuxRuntime_sniper'/_v2-entry-point --verb=run -- '/home/th0rgal/snap/steam/common/.local/share/Steam/compatibilitytools.d/GE-Proton10-32'/proton run ".
94:[2026-02-27 19:51:13] Command prefix for tool 1628350 "Steam Linux Runtime 3.0 (sniper)" set to: "'/home/th0rgal/snap/steam/common/.local/share/Steam/steamapps/common/SteamLinuxRuntime_sniper'/_v2-entry-point --verb=waitforexitandrun -- ".
95:[2026-02-27 19:51:13] Command prefix for tool 1493710 "Proton Experimental" set to: "'/home/th0rgal/snap/steam/common/.local/share/Steam/steamapps/common/SteamLinuxRuntime_sniper'/_v2-entry-point --verb=waitforexitandrun -- '/home/th0rgal/snap/steam/common/.local/share/Steam/compatibilitytools.d/GE-Proton10-32'/proton waitforexitandrun ".
97:[2026-02-27 19:51:13] Command prefix for tool 1628350 "Steam Linux Runtime 3.0 (sniper)" set to: "'/home/th0rgal/snap/steam/common/.local/share/Steam/steamapps/common/SteamLinuxRuntime_sniper'/_v2-entry-point --verb=run -- ".
98:[2026-02-27 19:51:13] Command prefix for tool 1493710 "Proton Experimental" set to: "'/home/th0rgal/snap/steam/common/.local/share/Steam/steamapps/common/SteamLinuxRuntime_sniper'/_v2-entry-point --verb=run -- '/home/th0rgal/snap/steam/common/.local/share/Steam/compatibilitytools.d/GE-Proton10-32'/proton run ".
100:[2026-02-27 19:51:14] Command prefix for tool 1628350 "Steam Linux Runtime 3.0 (sniper)" set to: "'/home/th0rgal/snap/steam/common/.local/share/Steam/steamapps/common/SteamLinuxRuntime_sniper'/_v2-entry-point --verb=run -- ".
101:[2026-02-27 19:51:14] Command prefix for tool 1493710 "Proton Experimental" set to: "'/home/th0rgal/snap/steam/common/.local/share/Steam/steamapps/common/SteamLinuxRuntime_sniper'/_v2-entry-point --verb=run -- '/home/th0rgal/snap/steam/common/.local/share/Steam/compatibilitytools.d/GE-Proton10-32'/proton run ".
103:[2026-02-27 19:51:24] Command prefix for tool 1628350 "Steam Linux Runtime 3.0 (sniper)" set to: "'/home/th0rgal/snap/steam/common/.local/share/Steam/steamapps/common/SteamLinuxRuntime_sniper'/_v2-entry-point --verb=run -- ".
104:[2026-02-27 19:51:24] Command prefix for tool 1493710 "Proton Experimental" set to: "'/home/th0rgal/snap/steam/common/.local/share/Steam/steamapps/common/SteamLinuxRuntime_sniper'/_v2-entry-point --verb=run -- '/home/th0rgal/snap/steam/common/.local/share/Steam/compatibilitytools.d/GE-Proton10-32'/proton run ".
106:[2026-02-27 19:51:45] Command prefix for tool 1628350 "Steam Linux Runtime 3.0 (sniper)" set to: "'/home/th0rgal/snap/steam/common/.local/share/Steam/steamapps/common/SteamLinuxRuntime_sniper'/_v2-entry-point --verb=run -- ".
107:[2026-02-27 19:51:45] Command prefix for tool 1493710 "Proton Experimental" set to: "'/home/th0rgal/snap/steam/common/.local/share/Steam/steamapps/common/SteamLinuxRuntime_sniper'/_v2-entry-point --verb=run -- '/home/th0rgal/snap/steam/common/.local/share/Steam/compatibilitytools.d/GE-Proton10-32'/proton run ".
109:[2026-02-27 19:52:54] StartSession: appID 2537590 session 56c5ba824dd8f29c
110:[2026-02-27 19:52:55] StartSession: appID 2537590 added secondary session 62ee084ec1da9176 to session 56c5ba824dd8f29c
112:[2026-02-27 19:52:55] Command prefix for tool 1628350 "Steam Linux Runtime 3.0 (sniper)" set to: "'/home/th0rgal/snap/steam/common/.local/share/Steam/steamapps/common/SteamLinuxRuntime_sniper'/_v2-entry-point --verb=run -- ".
113:[2026-02-27 19:52:55] Command prefix for tool 1493710 "Proton Experimental" set to: "'/home/th0rgal/snap/steam/common/.local/share/Steam/steamapps/common/SteamLinuxRuntime_sniper'/_v2-entry-point --verb=run -- '/home/th0rgal/snap/steam/common/.local/share/Steam/compatibilitytools.d/GE-Proton10-32'/proton run ".
116:[2026-02-27 19:53:08] Command prefix for tool 1628350 "Steam Linux Runtime 3.0 (sniper)" set to: "'/home/th0rgal/snap/steam/common/.local/share/Steam/steamapps/common/SteamLinuxRuntime_sniper'/_v2-entry-point --verb=waitforexitandrun -- ".
117:[2026-02-27 19:53:08] Command prefix for tool 1493710 "Proton Experimental" set to: "'/home/th0rgal/snap/steam/common/.local/share/Steam/steamapps/common/SteamLinuxRuntime_sniper'/_v2-entry-point --verb=waitforexitandrun -- '/home/th0rgal/snap/steam/common/.local/share/Steam/compatibilitytools.d/GE-Proton10-32'/proton waitforexitandrun ".
119:[2026-02-27 19:53:08] Command prefix for tool 1628350 "Steam Linux Runtime 3.0 (sniper)" set to: "'/home/th0rgal/snap/steam/common/.local/share/Steam/steamapps/common/SteamLinuxRuntime_sniper'/_v2-entry-point --verb=run -- ".
120:[2026-02-27 19:53:08] Command prefix for tool 1493710 "Proton Experimental" set to: "'/home/th0rgal/snap/steam/common/.local/share/Steam/steamapps/common/SteamLinuxRuntime_sniper'/_v2-entry-point --verb=run -- '/home/th0rgal/snap/steam/common/.local/share/Steam/compatibilitytools.d/GE-Proton10-32'/proton run ".
-- process snapshot --
-- recent console lines --
[2026-02-27 19:27:29] Game process removed: AppID 2537590 "/home/th0rgal/snap/steam/common/.local/share/Steam/ubuntu12_32/steam-launch-wrapper -- /home/th0rgal/snap/steam/common/.local/share/Steam/ubuntu12_32/reaper SteamLaunch AppId=2537590 -- '/home/th0rgal/snap/steam/common/.local/share/Steam/steamapps/common/SteamLinuxRuntime_sniper'/_v2-entry-point --verb=waitforexitandrun -- '/home/th0rgal/snap/steam/common/.local/share/Steam/compatibilitytools.d/GE-Proton10-32'/proton waitforexitandrun  '/home/th0rgal/snap/steam/common/.local/share/Steam/steamapps/common/MSFS2024/FlightSimulator2024.exe'", ProcID 156053 
[2026-02-27 19:27:57] CAPIJobRequestUserStats - Server response failed 2
[2026-02-27 19:28:03] CAPIJobRequestUserStats - Server response failed 2
[2026-02-27 19:50:58] ExecCommandLine: "steam://rungameid/2537590"
[2026-02-27 19:50:58] ExecuteSteamURL: "steam://rungameid/2537590"
[2026-02-27 19:50:58] GameAction [AppID 2537590, ActionID 8] : LaunchApp changed task to CheckShaderDepotManifest with ""
[2026-02-27 19:51:00] GameAction [AppID 2537590, ActionID 8] : LaunchApp changed task to ProcessingInstallScript with ""
[2026-02-27 19:51:00] Running install script evaluator for AppID 2537590, 2 step(s)  /home/th0rgal/snap/steam/common/.local/share/Steam/ubuntu12_32/steam-launch-wrapper -- /home/th0rgal/snap/steam/common/.local/share/Steam/ubuntu12_32/reaper SteamLaunch AppId=2537590 Install=1 -- '/home/th0rgal/snap/steam/common/.local/share/Steam/steamapps/common/SteamLinuxRuntime_sniper'/_v2-entry-point --verb=run -- '/home/th0rgal/snap/steam/common/.local/share/Steam/compatibilitytools.d/GE-Proton10-32'/proton run '/home/th0rgal/snap/steam/common/.local/share/Steam/legacycompat/iscriptevaluator.exe' 'legacycompat\evaluatorscript_2537590.vdf'
[2026-02-27 19:51:12] GameAction [AppID 2537590, ActionID 8] : LaunchApp changed task to SynchronizingCloud with ""
[2026-02-27 19:51:12] GameAction [AppID 2537590, ActionID 8] : LaunchApp changed task to SynchronizingStats with ""
[2026-02-27 19:51:12] GameAction [AppID 2537590, ActionID 8] : LaunchApp changed task to ShowInterstitials with ""
[2026-02-27 19:51:12] GameAction [AppID 2537590, ActionID 8] : LaunchApp waiting for user response to ShowInterstitials ""
[2026-02-27 19:51:12] GameAction [AppID 2537590, ActionID 8] : LaunchApp continues with user response "ShowInterstitials"
[2026-02-27 19:51:12] GameAction [AppID 2537590, ActionID 8] : LaunchApp changed task to SiteLicenseSeatCheckout with ""
[2026-02-27 19:51:13] GameAction [AppID 2537590, ActionID 8] : LaunchApp changed task to DelayLaunch with ""
[2026-02-27 19:51:13] GameAction [AppID 2537590, ActionID 8] : LaunchApp changed task to CreatingProcess with ""
[2026-02-27 19:51:13] GameAction [AppID 2537590, ActionID 8] : LaunchApp waiting for user response to CreatingProcess ""
[2026-02-27 19:51:13] GameAction [AppID 2537590, ActionID 8] : LaunchApp continues with user response "CreatingProcess"
[2026-02-27 19:51:13] /bin/sh\0-c\0/home/th0rgal/snap/steam/common/.local/share/Steam/ubuntu12_32/steam-launch-wrapper -- /home/th0rgal/snap/steam/common/.local/share/Steam/ubuntu12_32/reaper SteamLaunch AppId=2537590 -- '/home/th0rgal/snap/steam/common/.local/share/Steam/steamapps/common/SteamLinuxRuntime_sniper'/_v2-entry-point --verb=waitforexitandrun -- '/home/th0rgal/snap/steam/common/.local/share/Steam/compatibilitytools.d/GE-Proton10-32'/proton waitforexitandrun  '/home/th0rgal/snap/steam/common/.local/share/Steam/steamapps/common/MSFS2024/FlightSimulator2024.exe'\0
[2026-02-27 19:51:13] Game process added : AppID 2537590 "/home/th0rgal/snap/steam/common/.local/share/Steam/ubuntu12_32/steam-launch-wrapper -- /home/th0rgal/snap/steam/common/.local/share/Steam/ubuntu12_32/reaper SteamLaunch AppId=2537590 -- '/home/th0rgal/snap/steam/common/.local/share/Steam/steamapps/common/SteamLinuxRuntime_sniper'/_v2-entry-point --verb=waitforexitandrun -- '/home/th0rgal/snap/steam/common/.local/share/Steam/compatibilitytools.d/GE-Proton10-32'/proton waitforexitandrun  '/home/th0rgal/snap/steam/common/.local/share/Steam/steamapps/common/MSFS2024/FlightSimulator2024.exe'", ProcID 159055, IP 0.0.0.0:0
[2026-02-27 19:51:13] GameAction [AppID 2537590, ActionID 8] : LaunchApp changed task to WaitingGameWindow with ""
[2026-02-27 19:51:13] GameAction [AppID 2537590, ActionID 8] : LaunchApp changed task to Completed with ""
[2026-02-27 19:51:24] Game process updated : AppID 2537590 "/home/th0rgal/snap/steam/common/.local/share/Steam/ubuntu12_32/steam-launch-wrapper -- /home/th0rgal/snap/steam/common/.local/share/Steam/ubuntu12_32/reaper SteamLaunch AppId=2537590 -- '/home/th0rgal/snap/steam/common/.local/share/Steam/steamapps/common/SteamLinuxRuntime_sniper'/_v2-entry-point --verb=waitforexitandrun -- '/home/th0rgal/snap/steam/common/.local/share/Steam/compatibilitytools.d/GE-Proton10-32'/proton waitforexitandrun  '/home/th0rgal/snap/steam/common/.local/share/Steam/steamapps/common/MSFS2024/FlightSimulator2024.exe'", ProcID 159135, IP 0.0.0.0:0
[2026-02-27 19:51:45] Game process updated : AppID 2537590 "/home/th0rgal/snap/steam/common/.local/share/Steam/ubuntu12_32/steam-launch-wrapper -- /home/th0rgal/snap/steam/common/.local/share/Steam/ubuntu12_32/reaper SteamLaunch AppId=2537590 -- '/home/th0rgal/snap/steam/common/.local/share/Steam/steamapps/common/SteamLinuxRuntime_sniper'/_v2-entry-point --verb=waitforexitandrun -- '/home/th0rgal/snap/steam/common/.local/share/Steam/compatibilitytools.d/GE-Proton10-32'/proton waitforexitandrun  '/home/th0rgal/snap/steam/common/.local/share/Steam/steamapps/common/MSFS2024/FlightSimulator2024.exe'", ProcID 159207, IP 0.0.0.0:0
[2026-02-27 19:51:52] Game process removed: AppID 2537590 "/home/th0rgal/snap/steam/common/.local/share/Steam/ubuntu12_32/steam-launch-wrapper -- /home/th0rgal/snap/steam/common/.local/share/Steam/ubuntu12_32/reaper SteamLaunch AppId=2537590 -- '/home/th0rgal/snap/steam/common/.local/share/Steam/steamapps/common/SteamLinuxRuntime_sniper'/_v2-entry-point --verb=waitforexitandrun -- '/home/th0rgal/snap/steam/common/.local/share/Steam/compatibilitytools.d/GE-Proton10-32'/proton waitforexitandrun  '/home/th0rgal/snap/steam/common/.local/share/Steam/steamapps/common/MSFS2024/FlightSimulator2024.exe'", ProcID 159207 
[2026-02-27 19:52:54] ExecCommandLine: "steam://rungameid/2537590"
[2026-02-27 19:52:54] ExecuteSteamURL: "steam://rungameid/2537590"
[2026-02-27 19:52:54] GameAction [AppID 2537590, ActionID 9] : LaunchApp changed task to CheckShaderDepotManifest with ""
[2026-02-27 19:52:55] GameAction [AppID 2537590, ActionID 9] : LaunchApp changed task to ProcessingInstallScript with ""
[2026-02-27 19:52:55] Running install script evaluator for AppID 2537590, 2 step(s)  /home/th0rgal/snap/steam/common/.local/share/Steam/ubuntu12_32/steam-launch-wrapper -- /home/th0rgal/snap/steam/common/.local/share/Steam/ubuntu12_32/reaper SteamLaunch AppId=2537590 Install=1 -- '/home/th0rgal/snap/steam/common/.local/share/Steam/steamapps/common/SteamLinuxRuntime_sniper'/_v2-entry-point --verb=run -- '/home/th0rgal/snap/steam/common/.local/share/Steam/compatibilitytools.d/GE-Proton10-32'/proton run '/home/th0rgal/snap/steam/common/.local/share/Steam/legacycompat/iscriptevaluator.exe' 'legacycompat\evaluatorscript_2537590.vdf'
[2026-02-27 19:53:07] GameAction [AppID 2537590, ActionID 9] : LaunchApp changed task to SynchronizingCloud with ""
[2026-02-27 19:53:08] GameAction [AppID 2537590, ActionID 9] : LaunchApp changed task to SynchronizingStats with ""
[2026-02-27 19:53:08] GameAction [AppID 2537590, ActionID 9] : LaunchApp changed task to ShowInterstitials with ""
[2026-02-27 19:53:08] GameAction [AppID 2537590, ActionID 9] : LaunchApp waiting for user response to ShowInterstitials ""
[2026-02-27 19:53:08] GameAction [AppID 2537590, ActionID 9] : LaunchApp continues with user response "ShowInterstitials"
[2026-02-27 19:53:08] GameAction [AppID 2537590, ActionID 9] : LaunchApp changed task to SiteLicenseSeatCheckout with ""
[2026-02-27 19:53:08] GameAction [AppID 2537590, ActionID 9] : LaunchApp changed task to DelayLaunch with ""
[2026-02-27 19:53:08] GameAction [AppID 2537590, ActionID 9] : LaunchApp changed task to CreatingProcess with ""
[2026-02-27 19:53:08] GameAction [AppID 2537590, ActionID 9] : LaunchApp waiting for user response to CreatingProcess ""
[2026-02-27 19:53:08] GameAction [AppID 2537590, ActionID 9] : LaunchApp continues with user response "CreatingProcess"
[2026-02-27 19:53:08] /bin/sh\0-c\0/home/th0rgal/snap/steam/common/.local/share/Steam/ubuntu12_32/steam-launch-wrapper -- /home/th0rgal/snap/steam/common/.local/share/Steam/ubuntu12_32/reaper SteamLaunch AppId=2537590 -- '/home/th0rgal/snap/steam/common/.local/share/Steam/steamapps/common/SteamLinuxRuntime_sniper'/_v2-entry-point --verb=waitforexitandrun -- '/home/th0rgal/snap/steam/common/.local/share/Steam/compatibilitytools.d/GE-Proton10-32'/proton waitforexitandrun  '/home/th0rgal/snap/steam/common/.local/share/Steam/steamapps/common/MSFS2024/FlightSimulator2024.exe'\0
[2026-02-27 19:53:08] Game process added : AppID 2537590 "/home/th0rgal/snap/steam/common/.local/share/Steam/ubuntu12_32/steam-launch-wrapper -- /home/th0rgal/snap/steam/common/.local/share/Steam/ubuntu12_32/reaper SteamLaunch AppId=2537590 -- '/home/th0rgal/snap/steam/common/.local/share/Steam/steamapps/common/SteamLinuxRuntime_sniper'/_v2-entry-point --verb=waitforexitandrun -- '/home/th0rgal/snap/steam/common/.local/share/Steam/compatibilitytools.d/GE-Proton10-32'/proton waitforexitandrun  '/home/th0rgal/snap/steam/common/.local/share/Steam/steamapps/common/MSFS2024/FlightSimulator2024.exe'", ProcID 159828, IP 0.0.0.0:0
[2026-02-27 19:53:08] GameAction [AppID 2537590, ActionID 9] : LaunchApp changed task to WaitingGameWindow with ""
[2026-02-27 19:53:08] GameAction [AppID 2537590, ActionID 9] : LaunchApp changed task to Completed with ""
[2026-02-27 19:53:19] Game process updated : AppID 2537590 "/home/th0rgal/snap/steam/common/.local/share/Steam/ubuntu12_32/steam-launch-wrapper -- /home/th0rgal/snap/steam/common/.local/share/Steam/ubuntu12_32/reaper SteamLaunch AppId=2537590 -- '/home/th0rgal/snap/steam/common/.local/share/Steam/steamapps/common/SteamLinuxRuntime_sniper'/_v2-entry-point --verb=waitforexitandrun -- '/home/th0rgal/snap/steam/common/.local/share/Steam/compatibilitytools.d/GE-Proton10-32'/proton waitforexitandrun  '/home/th0rgal/snap/steam/common/.local/share/Steam/steamapps/common/MSFS2024/FlightSimulator2024.exe'", ProcID 159900, IP 0.0.0.0:0
[2026-02-27 19:53:41] Game process updated : AppID 2537590 "/home/th0rgal/snap/steam/common/.local/share/Steam/ubuntu12_32/steam-launch-wrapper -- /home/th0rgal/snap/steam/common/.local/share/Steam/ubuntu12_32/reaper SteamLaunch AppId=2537590 -- '/home/th0rgal/snap/steam/common/.local/share/Steam/steamapps/common/SteamLinuxRuntime_sniper'/_v2-entry-point --verb=waitforexitandrun -- '/home/th0rgal/snap/steam/common/.local/share/Steam/compatibilitytools.d/GE-Proton10-32'/proton waitforexitandrun  '/home/th0rgal/snap/steam/common/.local/share/Steam/steamapps/common/MSFS2024/FlightSimulator2024.exe'", ProcID 159972, IP 0.0.0.0:0
[2026-02-27 19:53:47] Game process removed: AppID 2537590 "/home/th0rgal/snap/steam/common/.local/share/Steam/ubuntu12_32/steam-launch-wrapper -- /home/th0rgal/snap/steam/common/.local/share/Steam/ubuntu12_32/reaper SteamLaunch AppId=2537590 -- '/home/th0rgal/snap/steam/common/.local/share/Steam/steamapps/common/SteamLinuxRuntime_sniper'/_v2-entry-point --verb=waitforexitandrun -- '/home/th0rgal/snap/steam/common/.local/share/Steam/compatibilitytools.d/GE-Proton10-32'/proton waitforexitandrun  '/home/th0rgal/snap/steam/common/.local/share/Steam/steamapps/common/MSFS2024/FlightSimulator2024.exe'", ProcID 159972 
-- crash summary --
Code=0xC0000005
TimeUTC=2026-02-27T19:53:46Z
EnableD3D12=true
LastStates=" MainState:BOOT SubState:BOOT_INIT"
NumRegisteredPackages=0
