== usercfg fix cycle ==
2026-02-27T19:50:58Z
APPID=2537590
UserCfg 2024:
InstalledPackagesPath "C:\users\steamuser\AppData\Roaming\Microsoft Flight Simulator 2024\Packages"
UserCfg legacy:
InstalledPackagesPath "C:\users\steamuser\AppData\Roaming\Microsoft Flight Simulator 2024\Packages"
FlightSimulator2024.CFG exists?
-rw-r--r-- 1 th0rgal th0rgal 0 Feb 27 18:16 /home/th0rgal/snap/steam/common/.local/share/Steam/steamapps/compatdata/2537590/pfx/drive_c/users/steamuser/AppData/Roaming/Microsoft Flight Simulator 2024/FlightSimulator2024.CFG.bak.20260227T192636Z
-- launch via steam pipe --
Dispatch via steam pipe
  AppID: 2537590
  URI:   steam://rungameid/2537590
  Pipe:  /home/th0rgal/snap/steam/common/.steam/steam.pipe
  GameAction before: 186
  StartSession before: 29
  GameAction after:  197
  StartSession after: 31
RESULT: dispatch accepted.
7:[2026-02-27 18:47:36] Game process removed: AppID 2537590 "/home/th0rgal/snap/steam/common/.local/share/Steam/ubuntu12_32/steam-launch-wrapper -- /home/th0rgal/snap/steam/common/.local/share/Steam/ubuntu12_32/reaper SteamLaunch AppId=2537590 -- '/home/th0rgal/snap/steam/common/.local/share/Steam/steamapps/common/SteamLinuxRuntime_sniper'/_v2-entry-point --verb=waitforexitandrun -- '/home/th0rgal/snap/steam/common/.local/share/Steam/compatibilitytools.d/GE-Proton10-32'/proton waitforexitandrun  '/home/th0rgal/snap/steam/common/.local/share/Steam/steamapps/common/MSFS2024/FlightSimulator2024.exe'", ProcID 150362 
11:[2026-02-27 18:49:05] ExecCommandLine: "steam://rungameid/2537590"
14:[2026-02-27 18:49:07] GameAction [AppID 2537590, ActionID 3] : LaunchApp changed task to ProcessingInstallScript with ""
23:[2026-02-27 18:49:20] GameAction [AppID 2537590, ActionID 3] : LaunchApp changed task to CreatingProcess with ""
24:[2026-02-27 18:49:20] GameAction [AppID 2537590, ActionID 3] : LaunchApp waiting for user response to CreatingProcess ""
25:[2026-02-27 18:49:20] GameAction [AppID 2537590, ActionID 3] : LaunchApp continues with user response "CreatingProcess"
26:[2026-02-27 18:49:20] /bin/sh\0-c\0/home/th0rgal/snap/steam/common/.local/share/Steam/ubuntu12_32/steam-launch-wrapper -- /home/th0rgal/snap/steam/common/.local/share/Steam/ubuntu12_32/reaper SteamLaunch AppId=2537590 -- '/home/th0rgal/snap/steam/common/.local/share/Steam/steamapps/common/SteamLinuxRuntime_sniper'/_v2-entry-point --verb=waitforexitandrun -- '/home/th0rgal/snap/steam/common/.local/share/Steam/compatibilitytools.d/GE-Proton10-32'/proton waitforexitandrun  '/home/th0rgal/snap/steam/common/.local/share/Steam/steamapps/common/MSFS2024/FlightSimulator2024.exe'\0
27:[2026-02-27 18:49:20] Game process added : AppID 2537590 "/home/th0rgal/snap/steam/common/.local/share/Steam/ubuntu12_32/steam-launch-wrapper -- /home/th0rgal/snap/steam/common/.local/share/Steam/ubuntu12_32/reaper SteamLaunch AppId=2537590 -- '/home/th0rgal/snap/steam/common/.local/share/Steam/steamapps/common/SteamLinuxRuntime_sniper'/_v2-entry-point --verb=waitforexitandrun -- '/home/th0rgal/snap/steam/common/.local/share/Steam/compatibilitytools.d/GE-Proton10-32'/proton waitforexitandrun  '/home/th0rgal/snap/steam/common/.local/share/Steam/steamapps/common/MSFS2024/FlightSimulator2024.exe'", ProcID 150850, IP 0.0.0.0:0
35:[2026-02-27 18:49:31] Game process updated : AppID 2537590 "/home/th0rgal/snap/steam/common/.local/share/Steam/ubuntu12_32/steam-launch-wrapper -- /home/th0rgal/snap/steam/common/.local/share/Steam/ubuntu12_32/reaper SteamLaunch AppId=2537590 -- '/home/th0rgal/snap/steam/common/.local/share/Steam/steamapps/common/SteamLinuxRuntime_sniper'/_v2-entry-point --verb=waitforexitandrun -- '/home/th0rgal/snap/steam/common/.local/share/Steam/compatibilitytools.d/GE-Proton10-32'/proton waitforexitandrun  '/home/th0rgal/snap/steam/common/.local/share/Steam/steamapps/common/MSFS2024/FlightSimulator2024.exe'", ProcID 150908, IP 0.0.0.0:0
36:[2026-02-27 18:49:53] Game process updated : AppID 2537590 "/home/th0rgal/snap/steam/common/.local/share/Steam/ubuntu12_32/steam-launch-wrapper -- /home/th0rgal/snap/steam/common/.local/share/Steam/ubuntu12_32/reaper SteamLaunch AppId=2537590 -- '/home/th0rgal/snap/steam/common/.local/share/Steam/steamapps/common/SteamLinuxRuntime_sniper'/_v2-entry-point --verb=waitforexitandrun -- '/home/th0rgal/snap/steam/common/.local/share/Steam/compatibilitytools.d/GE-Proton10-32'/proton waitforexitandrun  '/home/th0rgal/snap/steam/common/.local/share/Steam/steamapps/common/MSFS2024/FlightSimulator2024.exe'", ProcID 150980, IP 0.0.0.0:0
43:[2026-02-27 18:49:59] Game process removed: AppID 2537590 "/home/th0rgal/snap/steam/common/.local/share/Steam/ubuntu12_32/steam-launch-wrapper -- /home/th0rgal/snap/steam/common/.local/share/Steam/ubuntu12_32/reaper SteamLaunch AppId=2537590 -- '/home/th0rgal/snap/steam/common/.local/share/Steam/steamapps/common/SteamLinuxRuntime_sniper'/_v2-entry-point --verb=waitforexitandrun -- '/home/th0rgal/snap/steam/common/.local/share/Steam/compatibilitytools.d/GE-Proton10-32'/proton waitforexitandrun  '/home/th0rgal/snap/steam/common/.local/share/Steam/steamapps/common/MSFS2024/FlightSimulator2024.exe'", ProcID 150980 
49:[2026-02-27 19:01:39] ExecCommandLine: "steam://rungameid/2537590"
52:[2026-02-27 19:01:41] GameAction [AppID 2537590, ActionID 4] : LaunchApp changed task to ProcessingInstallScript with ""
61:[2026-02-27 19:01:54] GameAction [AppID 2537590, ActionID 4] : LaunchApp changed task to CreatingProcess with ""
62:[2026-02-27 19:01:54] GameAction [AppID 2537590, ActionID 4] : LaunchApp waiting for user response to CreatingProcess ""
63:[2026-02-27 19:01:54] GameAction [AppID 2537590, ActionID 4] : LaunchApp continues with user response "CreatingProcess"
64:[2026-02-27 19:01:54] /bin/sh\0-c\0/home/th0rgal/snap/steam/common/.local/share/Steam/ubuntu12_32/steam-launch-wrapper -- /home/th0rgal/snap/steam/common/.local/share/Steam/ubuntu12_32/reaper SteamLaunch AppId=2537590 -- '/home/th0rgal/snap/steam/common/.local/share/Steam/steamapps/common/SteamLinuxRuntime_sniper'/_v2-entry-point --verb=waitforexitandrun -- '/home/th0rgal/snap/steam/common/.local/share/Steam/compatibilitytools.d/GE-Proton10-32'/proton waitforexitandrun  '/home/th0rgal/snap/steam/common/.local/share/Steam/steamapps/common/MSFS2024/FlightSimulator2024.exe'\0
65:[2026-02-27 19:01:54] Game process added : AppID 2537590 "/home/th0rgal/snap/steam/common/.local/share/Steam/ubuntu12_32/steam-launch-wrapper -- /home/th0rgal/snap/steam/common/.local/share/Steam/ubuntu12_32/reaper SteamLaunch AppId=2537590 -- '/home/th0rgal/snap/steam/common/.local/share/Steam/steamapps/common/SteamLinuxRuntime_sniper'/_v2-entry-point --verb=waitforexitandrun -- '/home/th0rgal/snap/steam/common/.local/share/Steam/compatibilitytools.d/GE-Proton10-32'/proton waitforexitandrun  '/home/th0rgal/snap/steam/common/.local/share/Steam/steamapps/common/MSFS2024/FlightSimulator2024.exe'", ProcID 152315, IP 0.0.0.0:0
73:[2026-02-27 19:02:06] Game process updated : AppID 2537590 "/home/th0rgal/snap/steam/common/.local/share/Steam/ubuntu12_32/steam-launch-wrapper -- /home/th0rgal/snap/steam/common/.local/share/Steam/ubuntu12_32/reaper SteamLaunch AppId=2537590 -- '/home/th0rgal/snap/steam/common/.local/share/Steam/steamapps/common/SteamLinuxRuntime_sniper'/_v2-entry-point --verb=waitforexitandrun -- '/home/th0rgal/snap/steam/common/.local/share/Steam/compatibilitytools.d/GE-Proton10-32'/proton waitforexitandrun  '/home/th0rgal/snap/steam/common/.local/share/Steam/steamapps/common/MSFS2024/FlightSimulator2024.exe'", ProcID 152389, IP 0.0.0.0:0
74:[2026-02-27 19:02:27] Game process updated : AppID 2537590 "/home/th0rgal/snap/steam/common/.local/share/Steam/ubuntu12_32/steam-launch-wrapper -- /home/th0rgal/snap/steam/common/.local/share/Steam/ubuntu12_32/reaper SteamLaunch AppId=2537590 -- '/home/th0rgal/snap/steam/common/.local/share/Steam/steamapps/common/SteamLinuxRuntime_sniper'/_v2-entry-point --verb=waitforexitandrun -- '/home/th0rgal/snap/steam/common/.local/share/Steam/compatibilitytools.d/GE-Proton10-32'/proton waitforexitandrun  '/home/th0rgal/snap/steam/common/.local/share/Steam/steamapps/common/MSFS2024/FlightSimulator2024.exe'", ProcID 152490, IP 0.0.0.0:0
83:[2026-02-27 19:02:34] Game process removed: AppID 2537590 "/home/th0rgal/snap/steam/common/.local/share/Steam/ubuntu12_32/steam-launch-wrapper -- /home/th0rgal/snap/steam/common/.local/share/Steam/ubuntu12_32/reaper SteamLaunch AppId=2537590 -- '/home/th0rgal/snap/steam/common/.local/share/Steam/steamapps/common/SteamLinuxRuntime_sniper'/_v2-entry-point --verb=waitforexitandrun -- '/home/th0rgal/snap/steam/common/.local/share/Steam/compatibilitytools.d/GE-Proton10-32'/proton waitforexitandrun  '/home/th0rgal/snap/steam/common/.local/share/Steam/steamapps/common/MSFS2024/FlightSimulator2024.exe'", ProcID 152490 
87:[2026-02-27 19:05:46] ExecCommandLine: "steam://rungameid/2537590"
90:[2026-02-27 19:05:47] GameAction [AppID 2537590, ActionID 5] : LaunchApp changed task to ProcessingInstallScript with ""
99:[2026-02-27 19:06:00] GameAction [AppID 2537590, ActionID 5] : LaunchApp changed task to CreatingProcess with ""
100:[2026-02-27 19:06:00] GameAction [AppID 2537590, ActionID 5] : LaunchApp waiting for user response to CreatingProcess ""
101:[2026-02-27 19:06:00] GameAction [AppID 2537590, ActionID 5] : LaunchApp continues with user response "CreatingProcess"
102:[2026-02-27 19:06:00] /bin/sh\0-c\0/home/th0rgal/snap/steam/common/.local/share/Steam/ubuntu12_32/steam-launch-wrapper -- /home/th0rgal/snap/steam/common/.local/share/Steam/ubuntu12_32/reaper SteamLaunch AppId=2537590 -- '/home/th0rgal/snap/steam/common/.local/share/Steam/steamapps/common/SteamLinuxRuntime_sniper'/_v2-entry-point --verb=waitforexitandrun -- '/home/th0rgal/snap/steam/common/.local/share/Steam/compatibilitytools.d/GE-Proton10-32'/proton waitforexitandrun  '/home/th0rgal/snap/steam/common/.local/share/Steam/steamapps/common/MSFS2024/FlightSimulator2024.exe'\0
103:[2026-02-27 19:06:00] Game process added : AppID 2537590 "/home/th0rgal/snap/steam/common/.local/share/Steam/ubuntu12_32/steam-launch-wrapper -- /home/th0rgal/snap/steam/common/.local/share/Steam/ubuntu12_32/reaper SteamLaunch AppId=2537590 -- '/home/th0rgal/snap/steam/common/.local/share/Steam/steamapps/common/SteamLinuxRuntime_sniper'/_v2-entry-point --verb=waitforexitandrun -- '/home/th0rgal/snap/steam/common/.local/share/Steam/compatibilitytools.d/GE-Proton10-32'/proton waitforexitandrun  '/home/th0rgal/snap/steam/common/.local/share/Steam/steamapps/common/MSFS2024/FlightSimulator2024.exe'", ProcID 153627, IP 0.0.0.0:0
111:[2026-02-27 19:06:11] Game process updated : AppID 2537590 "/home/th0rgal/snap/steam/common/.local/share/Steam/ubuntu12_32/steam-launch-wrapper -- /home/th0rgal/snap/steam/common/.local/share/Steam/ubuntu12_32/reaper SteamLaunch AppId=2537590 -- '/home/th0rgal/snap/steam/common/.local/share/Steam/steamapps/common/SteamLinuxRuntime_sniper'/_v2-entry-point --verb=waitforexitandrun -- '/home/th0rgal/snap/steam/common/.local/share/Steam/compatibilitytools.d/GE-Proton10-32'/proton waitforexitandrun  '/home/th0rgal/snap/steam/common/.local/share/Steam/steamapps/common/MSFS2024/FlightSimulator2024.exe'", ProcID 153712, IP 0.0.0.0:0
112:[2026-02-27 19:06:32] Game process updated : AppID 2537590 "/home/th0rgal/snap/steam/common/.local/share/Steam/ubuntu12_32/steam-launch-wrapper -- /home/th0rgal/snap/steam/common/.local/share/Steam/ubuntu12_32/reaper SteamLaunch AppId=2537590 -- '/home/th0rgal/snap/steam/common/.local/share/Steam/steamapps/common/SteamLinuxRuntime_sniper'/_v2-entry-point --verb=waitforexitandrun -- '/home/th0rgal/snap/steam/common/.local/share/Steam/compatibilitytools.d/GE-Proton10-32'/proton waitforexitandrun  '/home/th0rgal/snap/steam/common/.local/share/Steam/steamapps/common/MSFS2024/FlightSimulator2024.exe'", ProcID 153812, IP 0.0.0.0:0
121:[2026-02-27 19:06:39] Game process removed: AppID 2537590 "/home/th0rgal/snap/steam/common/.local/share/Steam/ubuntu12_32/steam-launch-wrapper -- /home/th0rgal/snap/steam/common/.local/share/Steam/ubuntu12_32/reaper SteamLaunch AppId=2537590 -- '/home/th0rgal/snap/steam/common/.local/share/Steam/steamapps/common/SteamLinuxRuntime_sniper'/_v2-entry-point --verb=waitforexitandrun -- '/home/th0rgal/snap/steam/common/.local/share/Steam/compatibilitytools.d/GE-Proton10-32'/proton waitforexitandrun  '/home/th0rgal/snap/steam/common/.local/share/Steam/steamapps/common/MSFS2024/FlightSimulator2024.exe'", ProcID 153812 
125:[2026-02-27 19:25:03] ExecCommandLine: "steam://rungameid/2537590"
128:[2026-02-27 19:25:05] GameAction [AppID 2537590, ActionID 6] : LaunchApp changed task to ProcessingInstallScript with ""
137:[2026-02-27 19:25:17] GameAction [AppID 2537590, ActionID 6] : LaunchApp changed task to CreatingProcess with ""
138:[2026-02-27 19:25:17] GameAction [AppID 2537590, ActionID 6] : LaunchApp waiting for user response to CreatingProcess ""
139:[2026-02-27 19:25:17] GameAction [AppID 2537590, ActionID 6] : LaunchApp continues with user response "CreatingProcess"
140:[2026-02-27 19:25:17] /bin/sh\0-c\0/home/th0rgal/snap/steam/common/.local/share/Steam/ubuntu12_32/steam-launch-wrapper -- /home/th0rgal/snap/steam/common/.local/share/Steam/ubuntu12_32/reaper SteamLaunch AppId=2537590 -- '/home/th0rgal/snap/steam/common/.local/share/Steam/steamapps/common/SteamLinuxRuntime_sniper'/_v2-entry-point --verb=waitforexitandrun -- '/home/th0rgal/snap/steam/common/.local/share/Steam/compatibilitytools.d/GE-Proton10-32'/proton waitforexitandrun  '/home/th0rgal/snap/steam/common/.local/share/Steam/steamapps/common/MSFS2024/FlightSimulator2024.exe'\0
141:[2026-02-27 19:25:17] Game process added : AppID 2537590 "/home/th0rgal/snap/steam/common/.local/share/Steam/ubuntu12_32/steam-launch-wrapper -- /home/th0rgal/snap/steam/common/.local/share/Steam/ubuntu12_32/reaper SteamLaunch AppId=2537590 -- '/home/th0rgal/snap/steam/common/.local/share/Steam/steamapps/common/SteamLinuxRuntime_sniper'/_v2-entry-point --verb=waitforexitandrun -- '/home/th0rgal/snap/steam/common/.local/share/Steam/compatibilitytools.d/GE-Proton10-32'/proton waitforexitandrun  '/home/th0rgal/snap/steam/common/.local/share/Steam/steamapps/common/MSFS2024/FlightSimulator2024.exe'", ProcID 155305, IP 0.0.0.0:0
149:[2026-02-27 19:25:28] Game process updated : AppID 2537590 "/home/th0rgal/snap/steam/common/.local/share/Steam/ubuntu12_32/steam-launch-wrapper -- /home/th0rgal/snap/steam/common/.local/share/Steam/ubuntu12_32/reaper SteamLaunch AppId=2537590 -- '/home/th0rgal/snap/steam/common/.local/share/Steam/steamapps/common/SteamLinuxRuntime_sniper'/_v2-entry-point --verb=waitforexitandrun -- '/home/th0rgal/snap/steam/common/.local/share/Steam/compatibilitytools.d/GE-Proton10-32'/proton waitforexitandrun  '/home/th0rgal/snap/steam/common/.local/share/Steam/steamapps/common/MSFS2024/FlightSimulator2024.exe'", ProcID 155377, IP 0.0.0.0:0
150:[2026-02-27 19:25:50] Game process updated : AppID 2537590 "/home/th0rgal/snap/steam/common/.local/share/Steam/ubuntu12_32/steam-launch-wrapper -- /home/th0rgal/snap/steam/common/.local/share/Steam/ubuntu12_32/reaper SteamLaunch AppId=2537590 -- '/home/th0rgal/snap/steam/common/.local/share/Steam/steamapps/common/SteamLinuxRuntime_sniper'/_v2-entry-point --verb=waitforexitandrun -- '/home/th0rgal/snap/steam/common/.local/share/Steam/compatibilitytools.d/GE-Proton10-32'/proton waitforexitandrun  '/home/th0rgal/snap/steam/common/.local/share/Steam/steamapps/common/MSFS2024/FlightSimulator2024.exe'", ProcID 155449, IP 0.0.0.0:0
159:[2026-02-27 19:25:56] Game process removed: AppID 2537590 "/home/th0rgal/snap/steam/common/.local/share/Steam/ubuntu12_32/steam-launch-wrapper -- /home/th0rgal/snap/steam/common/.local/share/Steam/ubuntu12_32/reaper SteamLaunch AppId=2537590 -- '/home/th0rgal/snap/steam/common/.local/share/Steam/steamapps/common/SteamLinuxRuntime_sniper'/_v2-entry-point --verb=waitforexitandrun -- '/home/th0rgal/snap/steam/common/.local/share/Steam/compatibilitytools.d/GE-Proton10-32'/proton waitforexitandrun  '/home/th0rgal/snap/steam/common/.local/share/Steam/steamapps/common/MSFS2024/FlightSimulator2024.exe'", ProcID 155449 
163:[2026-02-27 19:26:36] ExecCommandLine: "steam://rungameid/2537590"
166:[2026-02-27 19:26:36] GameAction [AppID 2537590, ActionID 7] : LaunchApp changed task to ProcessingInstallScript with ""
175:[2026-02-27 19:26:50] GameAction [AppID 2537590, ActionID 7] : LaunchApp changed task to CreatingProcess with ""
176:[2026-02-27 19:26:50] GameAction [AppID 2537590, ActionID 7] : LaunchApp waiting for user response to CreatingProcess ""
177:[2026-02-27 19:26:50] GameAction [AppID 2537590, ActionID 7] : LaunchApp continues with user response "CreatingProcess"
178:[2026-02-27 19:26:50] /bin/sh\0-c\0/home/th0rgal/snap/steam/common/.local/share/Steam/ubuntu12_32/steam-launch-wrapper -- /home/th0rgal/snap/steam/common/.local/share/Steam/ubuntu12_32/reaper SteamLaunch AppId=2537590 -- '/home/th0rgal/snap/steam/common/.local/share/Steam/steamapps/common/SteamLinuxRuntime_sniper'/_v2-entry-point --verb=waitforexitandrun -- '/home/th0rgal/snap/steam/common/.local/share/Steam/compatibilitytools.d/GE-Proton10-32'/proton waitforexitandrun  '/home/th0rgal/snap/steam/common/.local/share/Steam/steamapps/common/MSFS2024/FlightSimulator2024.exe'\0
179:[2026-02-27 19:26:50] Game process added : AppID 2537590 "/home/th0rgal/snap/steam/common/.local/share/Steam/ubuntu12_32/steam-launch-wrapper -- /home/th0rgal/snap/steam/common/.local/share/Steam/ubuntu12_32/reaper SteamLaunch AppId=2537590 -- '/home/th0rgal/snap/steam/common/.local/share/Steam/steamapps/common/SteamLinuxRuntime_sniper'/_v2-entry-point --verb=waitforexitandrun -- '/home/th0rgal/snap/steam/common/.local/share/Steam/compatibilitytools.d/GE-Proton10-32'/proton waitforexitandrun  '/home/th0rgal/snap/steam/common/.local/share/Steam/steamapps/common/MSFS2024/FlightSimulator2024.exe'", ProcID 155909, IP 0.0.0.0:0
187:[2026-02-27 19:27:01] Game process updated : AppID 2537590 "/home/th0rgal/snap/steam/common/.local/share/Steam/ubuntu12_32/steam-launch-wrapper -- /home/th0rgal/snap/steam/common/.local/share/Steam/ubuntu12_32/reaper SteamLaunch AppId=2537590 -- '/home/th0rgal/snap/steam/common/.local/share/Steam/steamapps/common/SteamLinuxRuntime_sniper'/_v2-entry-point --verb=waitforexitandrun -- '/home/th0rgal/snap/steam/common/.local/share/Steam/compatibilitytools.d/GE-Proton10-32'/proton waitforexitandrun  '/home/th0rgal/snap/steam/common/.local/share/Steam/steamapps/common/MSFS2024/FlightSimulator2024.exe'", ProcID 155981, IP 0.0.0.0:0
188:[2026-02-27 19:27:22] Game process updated : AppID 2537590 "/home/th0rgal/snap/steam/common/.local/share/Steam/ubuntu12_32/steam-launch-wrapper -- /home/th0rgal/snap/steam/common/.local/share/Steam/ubuntu12_32/reaper SteamLaunch AppId=2537590 -- '/home/th0rgal/snap/steam/common/.local/share/Steam/steamapps/common/SteamLinuxRuntime_sniper'/_v2-entry-point --verb=waitforexitandrun -- '/home/th0rgal/snap/steam/common/.local/share/Steam/compatibilitytools.d/GE-Proton10-32'/proton waitforexitandrun  '/home/th0rgal/snap/steam/common/.local/share/Steam/steamapps/common/MSFS2024/FlightSimulator2024.exe'", ProcID 156053, IP 0.0.0.0:0
196:[2026-02-27 19:27:29] Game process removed: AppID 2537590 "/home/th0rgal/snap/steam/common/.local/share/Steam/ubuntu12_32/steam-launch-wrapper -- /home/th0rgal/snap/steam/common/.local/share/Steam/ubuntu12_32/reaper SteamLaunch AppId=2537590 -- '/home/th0rgal/snap/steam/common/.local/share/Steam/steamapps/common/SteamLinuxRuntime_sniper'/_v2-entry-point --verb=waitforexitandrun -- '/home/th0rgal/snap/steam/common/.local/share/Steam/compatibilitytools.d/GE-Proton10-32'/proton waitforexitandrun  '/home/th0rgal/snap/steam/common/.local/share/Steam/steamapps/common/MSFS2024/FlightSimulator2024.exe'", ProcID 156053 
201:[2026-02-27 19:27:57] ExecCommandLine: "steam://install/3658110"
204:[2026-02-27 19:28:03] ExecCommandLine: "steam://install/2180100"
207:[2026-02-27 19:50:58] ExecCommandLine: "steam://rungameid/2537590"
210:[2026-02-27 19:51:00] GameAction [AppID 2537590, ActionID 8] : LaunchApp changed task to ProcessingInstallScript with ""
219:[2026-02-27 19:51:13] GameAction [AppID 2537590, ActionID 8] : LaunchApp changed task to CreatingProcess with ""
220:[2026-02-27 19:51:13] GameAction [AppID 2537590, ActionID 8] : LaunchApp waiting for user response to CreatingProcess ""
14:[2026-02-27 15:49:46] AppID 2537590 state changed : Fully Installed,App Running,
15:[2026-02-27 15:49:48] AppID 2537590 state changed : Fully Installed,
16:[2026-02-27 15:49:55] AppID 2537590 state changed : Fully Installed,App Running,
17:[2026-02-27 15:49:57] AppID 2537590 state changed : Fully Installed,
96:[2026-02-27 18:15:59] AppID 2537590 state changed : Fully Installed,App Running,
97:[2026-02-27 18:16:47] AppID 2537590 state changed : Fully Installed,
98:[2026-02-27 18:19:45] AppID 2537590 state changed : Fully Installed,App Running,
99:[2026-02-27 18:20:23] AppID 2537590 state changed : Fully Installed,
106:[2026-02-27 18:45:07] AppID 2537590 state changed : Fully Installed,App Running,
107:[2026-02-27 18:45:45] AppID 2537590 state changed : Fully Installed,
108:[2026-02-27 18:46:57] AppID 2537590 state changed : Fully Installed,App Running,
109:[2026-02-27 18:47:36] AppID 2537590 state changed : Fully Installed,
110:[2026-02-27 18:49:20] AppID 2537590 state changed : Fully Installed,App Running,
111:[2026-02-27 18:49:59] AppID 2537590 state changed : Fully Installed,
112:[2026-02-27 19:01:54] AppID 2537590 state changed : Fully Installed,App Running,
113:[2026-02-27 19:02:34] AppID 2537590 state changed : Fully Installed,
114:[2026-02-27 19:06:00] AppID 2537590 state changed : Fully Installed,App Running,
115:[2026-02-27 19:06:39] AppID 2537590 state changed : Fully Installed,
116:[2026-02-27 19:25:17] AppID 2537590 state changed : Fully Installed,App Running,
117:[2026-02-27 19:25:56] AppID 2537590 state changed : Fully Installed,
118:[2026-02-27 19:26:50] AppID 2537590 state changed : Fully Installed,App Running,
119:[2026-02-27 19:27:29] AppID 2537590 state changed : Fully Installed,
120:[2026-02-27 19:51:13] AppID 2537590 state changed : Fully Installed,App Running,
59:[2026-02-27 19:06:00] Command prefix for tool 1628350 "Steam Linux Runtime 3.0 (sniper)" set to: "'/home/th0rgal/snap/steam/common/.local/share/Steam/steamapps/common/SteamLinuxRuntime_sniper'/_v2-entry-point --verb=waitforexitandrun -- ".
60:[2026-02-27 19:06:00] Command prefix for tool 1493710 "Proton Experimental" set to: "'/home/th0rgal/snap/steam/common/.local/share/Steam/steamapps/common/SteamLinuxRuntime_sniper'/_v2-entry-point --verb=waitforexitandrun -- '/home/th0rgal/snap/steam/common/.local/share/Steam/compatibilitytools.d/GE-Proton10-32'/proton waitforexitandrun ".
62:[2026-02-27 19:06:00] Command prefix for tool 1628350 "Steam Linux Runtime 3.0 (sniper)" set to: "'/home/th0rgal/snap/steam/common/.local/share/Steam/steamapps/common/SteamLinuxRuntime_sniper'/_v2-entry-point --verb=run -- ".
63:[2026-02-27 19:06:00] Command prefix for tool 1493710 "Proton Experimental" set to: "'/home/th0rgal/snap/steam/common/.local/share/Steam/steamapps/common/SteamLinuxRuntime_sniper'/_v2-entry-point --verb=run -- '/home/th0rgal/snap/steam/common/.local/share/Steam/compatibilitytools.d/GE-Proton10-32'/proton run ".
65:[2026-02-27 19:06:11] Command prefix for tool 1628350 "Steam Linux Runtime 3.0 (sniper)" set to: "'/home/th0rgal/snap/steam/common/.local/share/Steam/steamapps/common/SteamLinuxRuntime_sniper'/_v2-entry-point --verb=run -- ".
66:[2026-02-27 19:06:11] Command prefix for tool 1493710 "Proton Experimental" set to: "'/home/th0rgal/snap/steam/common/.local/share/Steam/steamapps/common/SteamLinuxRuntime_sniper'/_v2-entry-point --verb=run -- '/home/th0rgal/snap/steam/common/.local/share/Steam/compatibilitytools.d/GE-Proton10-32'/proton run ".
68:[2026-02-27 19:06:32] Command prefix for tool 1628350 "Steam Linux Runtime 3.0 (sniper)" set to: "'/home/th0rgal/snap/steam/common/.local/share/Steam/steamapps/common/SteamLinuxRuntime_sniper'/_v2-entry-point --verb=run -- ".
69:[2026-02-27 19:06:32] Command prefix for tool 1493710 "Proton Experimental" set to: "'/home/th0rgal/snap/steam/common/.local/share/Steam/steamapps/common/SteamLinuxRuntime_sniper'/_v2-entry-point --verb=run -- '/home/th0rgal/snap/steam/common/.local/share/Steam/compatibilitytools.d/GE-Proton10-32'/proton run ".
71:[2026-02-27 19:25:03] StartSession: appID 2537590 session 21efa04a713ddc85
72:[2026-02-27 19:25:05] StartSession: appID 2537590 added secondary session ccd3e153f3ff70b3 to session 21efa04a713ddc85
74:[2026-02-27 19:25:05] Command prefix for tool 1628350 "Steam Linux Runtime 3.0 (sniper)" set to: "'/home/th0rgal/snap/steam/common/.local/share/Steam/steamapps/common/SteamLinuxRuntime_sniper'/_v2-entry-point --verb=run -- ".
75:[2026-02-27 19:25:05] Command prefix for tool 1493710 "Proton Experimental" set to: "'/home/th0rgal/snap/steam/common/.local/share/Steam/steamapps/common/SteamLinuxRuntime_sniper'/_v2-entry-point --verb=run -- '/home/th0rgal/snap/steam/common/.local/share/Steam/compatibilitytools.d/GE-Proton10-32'/proton run ".
78:[2026-02-27 19:25:17] Command prefix for tool 1628350 "Steam Linux Runtime 3.0 (sniper)" set to: "'/home/th0rgal/snap/steam/common/.local/share/Steam/steamapps/common/SteamLinuxRuntime_sniper'/_v2-entry-point --verb=waitforexitandrun -- ".
79:[2026-02-27 19:25:17] Command prefix for tool 1493710 "Proton Experimental" set to: "'/home/th0rgal/snap/steam/common/.local/share/Steam/steamapps/common/SteamLinuxRuntime_sniper'/_v2-entry-point --verb=waitforexitandrun -- '/home/th0rgal/snap/steam/common/.local/share/Steam/compatibilitytools.d/GE-Proton10-32'/proton waitforexitandrun ".
81:[2026-02-27 19:25:17] Command prefix for tool 1628350 "Steam Linux Runtime 3.0 (sniper)" set to: "'/home/th0rgal/snap/steam/common/.local/share/Steam/steamapps/common/SteamLinuxRuntime_sniper'/_v2-entry-point --verb=run -- ".
82:[2026-02-27 19:25:17] Command prefix for tool 1493710 "Proton Experimental" set to: "'/home/th0rgal/snap/steam/common/.local/share/Steam/steamapps/common/SteamLinuxRuntime_sniper'/_v2-entry-point --verb=run -- '/home/th0rgal/snap/steam/common/.local/share/Steam/compatibilitytools.d/GE-Proton10-32'/proton run ".
84:[2026-02-27 19:25:28] Command prefix for tool 1628350 "Steam Linux Runtime 3.0 (sniper)" set to: "'/home/th0rgal/snap/steam/common/.local/share/Steam/steamapps/common/SteamLinuxRuntime_sniper'/_v2-entry-point --verb=run -- ".
85:[2026-02-27 19:25:28] Command prefix for tool 1493710 "Proton Experimental" set to: "'/home/th0rgal/snap/steam/common/.local/share/Steam/steamapps/common/SteamLinuxRuntime_sniper'/_v2-entry-point --verb=run -- '/home/th0rgal/snap/steam/common/.local/share/Steam/compatibilitytools.d/GE-Proton10-32'/proton run ".
87:[2026-02-27 19:25:50] Command prefix for tool 1628350 "Steam Linux Runtime 3.0 (sniper)" set to: "'/home/th0rgal/snap/steam/common/.local/share/Steam/steamapps/common/SteamLinuxRuntime_sniper'/_v2-entry-point --verb=run -- ".
88:[2026-02-27 19:25:50] Command prefix for tool 1493710 "Proton Experimental" set to: "'/home/th0rgal/snap/steam/common/.local/share/Steam/steamapps/common/SteamLinuxRuntime_sniper'/_v2-entry-point --verb=run -- '/home/th0rgal/snap/steam/common/.local/share/Steam/compatibilitytools.d/GE-Proton10-32'/proton run ".
90:[2026-02-27 19:26:36] StartSession: appID 2537590 session 5892c2d127956f99
91:[2026-02-27 19:26:36] StartSession: appID 2537590 added secondary session 88cb24a9c126a5b4 to session 5892c2d127956f99
93:[2026-02-27 19:26:36] Command prefix for tool 1628350 "Steam Linux Runtime 3.0 (sniper)" set to: "'/home/th0rgal/snap/steam/common/.local/share/Steam/steamapps/common/SteamLinuxRuntime_sniper'/_v2-entry-point --verb=run -- ".
94:[2026-02-27 19:26:36] Command prefix for tool 1493710 "Proton Experimental" set to: "'/home/th0rgal/snap/steam/common/.local/share/Steam/steamapps/common/SteamLinuxRuntime_sniper'/_v2-entry-point --verb=run -- '/home/th0rgal/snap/steam/common/.local/share/Steam/compatibilitytools.d/GE-Proton10-32'/proton run ".
97:[2026-02-27 19:26:50] Command prefix for tool 1628350 "Steam Linux Runtime 3.0 (sniper)" set to: "'/home/th0rgal/snap/steam/common/.local/share/Steam/steamapps/common/SteamLinuxRuntime_sniper'/_v2-entry-point --verb=waitforexitandrun -- ".
98:[2026-02-27 19:26:50] Command prefix for tool 1493710 "Proton Experimental" set to: "'/home/th0rgal/snap/steam/common/.local/share/Steam/steamapps/common/SteamLinuxRuntime_sniper'/_v2-entry-point --verb=waitforexitandrun -- '/home/th0rgal/snap/steam/common/.local/share/Steam/compatibilitytools.d/GE-Proton10-32'/proton waitforexitandrun ".
100:[2026-02-27 19:26:50] Command prefix for tool 1628350 "Steam Linux Runtime 3.0 (sniper)" set to: "'/home/th0rgal/snap/steam/common/.local/share/Steam/steamapps/common/SteamLinuxRuntime_sniper'/_v2-entry-point --verb=run -- ".
101:[2026-02-27 19:26:50] Command prefix for tool 1493710 "Proton Experimental" set to: "'/home/th0rgal/snap/steam/common/.local/share/Steam/steamapps/common/SteamLinuxRuntime_sniper'/_v2-entry-point --verb=run -- '/home/th0rgal/snap/steam/common/.local/share/Steam/compatibilitytools.d/GE-Proton10-32'/proton run ".
103:[2026-02-27 19:26:51] Command prefix for tool 1628350 "Steam Linux Runtime 3.0 (sniper)" set to: "'/home/th0rgal/snap/steam/common/.local/share/Steam/steamapps/common/SteamLinuxRuntime_sniper'/_v2-entry-point --verb=run -- ".
104:[2026-02-27 19:26:51] Command prefix for tool 1493710 "Proton Experimental" set to: "'/home/th0rgal/snap/steam/common/.local/share/Steam/steamapps/common/SteamLinuxRuntime_sniper'/_v2-entry-point --verb=run -- '/home/th0rgal/snap/steam/common/.local/share/Steam/compatibilitytools.d/GE-Proton10-32'/proton run ".
106:[2026-02-27 19:27:01] Command prefix for tool 1628350 "Steam Linux Runtime 3.0 (sniper)" set to: "'/home/th0rgal/snap/steam/common/.local/share/Steam/steamapps/common/SteamLinuxRuntime_sniper'/_v2-entry-point --verb=run -- ".
107:[2026-02-27 19:27:01] Command prefix for tool 1493710 "Proton Experimental" set to: "'/home/th0rgal/snap/steam/common/.local/share/Steam/steamapps/common/SteamLinuxRuntime_sniper'/_v2-entry-point --verb=run -- '/home/th0rgal/snap/steam/common/.local/share/Steam/compatibilitytools.d/GE-Proton10-32'/proton run ".
109:[2026-02-27 19:27:22] Command prefix for tool 1628350 "Steam Linux Runtime 3.0 (sniper)" set to: "'/home/th0rgal/snap/steam/common/.local/share/Steam/steamapps/common/SteamLinuxRuntime_sniper'/_v2-entry-point --verb=run -- ".
110:[2026-02-27 19:27:22] Command prefix for tool 1493710 "Proton Experimental" set to: "'/home/th0rgal/snap/steam/common/.local/share/Steam/steamapps/common/SteamLinuxRuntime_sniper'/_v2-entry-point --verb=run -- '/home/th0rgal/snap/steam/common/.local/share/Steam/compatibilitytools.d/GE-Proton10-32'/proton run ".
112:[2026-02-27 19:50:58] StartSession: appID 2537590 session ddf94bacb7040364
113:[2026-02-27 19:51:00] StartSession: appID 2537590 added secondary session 963eb7e2c5b18074 to session ddf94bacb7040364
115:[2026-02-27 19:51:00] Command prefix for tool 1628350 "Steam Linux Runtime 3.0 (sniper)" set to: "'/home/th0rgal/snap/steam/common/.local/share/Steam/steamapps/common/SteamLinuxRuntime_sniper'/_v2-entry-point --verb=run -- ".
116:[2026-02-27 19:51:00] Command prefix for tool 1493710 "Proton Experimental" set to: "'/home/th0rgal/snap/steam/common/.local/share/Steam/steamapps/common/SteamLinuxRuntime_sniper'/_v2-entry-point --verb=run -- '/home/th0rgal/snap/steam/common/.local/share/Steam/compatibilitytools.d/GE-Proton10-32'/proton run ".
119:[2026-02-27 19:51:13] Command prefix for tool 1628350 "Steam Linux Runtime 3.0 (sniper)" set to: "'/home/th0rgal/snap/steam/common/.local/share/Steam/steamapps/common/SteamLinuxRuntime_sniper'/_v2-entry-point --verb=waitforexitandrun -- ".
120:[2026-02-27 19:51:13] Command prefix for tool 1493710 "Proton Experimental" set to: "'/home/th0rgal/snap/steam/common/.local/share/Steam/steamapps/common/SteamLinuxRuntime_sniper'/_v2-entry-point --verb=waitforexitandrun -- '/home/th0rgal/snap/steam/common/.local/share/Steam/compatibilitytools.d/GE-Proton10-32'/proton waitforexitandrun ".
-- watch app events (75s) --
[2026-02-27 19:51:13] GameAction [AppID 2537590, ActionID 8] : LaunchApp changed task to WaitingGameWindow with ""
[2026-02-27 19:51:13] GameAction [AppID 2537590, ActionID 8] : LaunchApp changed task to Completed with ""
[2026-02-27 19:51:24] Game process updated : AppID 2537590 "/home/th0rgal/snap/steam/common/.local/share/Steam/ubuntu12_32/steam-launch-wrapper -- /home/th0rgal/snap/steam/common/.local/share/Steam/ubuntu12_32/reaper SteamLaunch AppId=2537590 -- '/home/th0rgal/snap/steam/common/.local/share/Steam/steamapps/common/SteamLinuxRuntime_sniper'/_v2-entry-point --verb=waitforexitandrun -- '/home/th0rgal/snap/steam/common/.local/share/Steam/compatibilitytools.d/GE-Proton10-32'/proton waitforexitandrun  '/home/th0rgal/snap/steam/common/.local/share/Steam/steamapps/common/MSFS2024/FlightSimulator2024.exe'", ProcID 159135, IP 0.0.0.0:0
[2026-02-27 19:51:45] Game process updated : AppID 2537590 "/home/th0rgal/snap/steam/common/.local/share/Steam/ubuntu12_32/steam-launch-wrapper -- /home/th0rgal/snap/steam/common/.local/share/Steam/ubuntu12_32/reaper SteamLaunch AppId=2537590 -- '/home/th0rgal/snap/steam/common/.local/share/Steam/steamapps/common/SteamLinuxRuntime_sniper'/_v2-entry-point --verb=waitforexitandrun -- '/home/th0rgal/snap/steam/common/.local/share/Steam/compatibilitytools.d/GE-Proton10-32'/proton waitforexitandrun  '/home/th0rgal/snap/steam/common/.local/share/Steam/steamapps/common/MSFS2024/FlightSimulator2024.exe'", ProcID 159207, IP 0.0.0.0:0
[2026-02-27 19:51:52] Game process removed: AppID 2537590 "/home/th0rgal/snap/steam/common/.local/share/Steam/ubuntu12_32/steam-launch-wrapper -- /home/th0rgal/snap/steam/common/.local/share/Steam/ubuntu12_32/reaper SteamLaunch AppId=2537590 -- '/home/th0rgal/snap/steam/common/.local/share/Steam/steamapps/common/SteamLinuxRuntime_sniper'/_v2-entry-point --verb=waitforexitandrun -- '/home/th0rgal/snap/steam/common/.local/share/Steam/compatibilitytools.d/GE-Proton10-32'/proton waitforexitandrun  '/home/th0rgal/snap/steam/common/.local/share/Steam/steamapps/common/MSFS2024/FlightSimulator2024.exe'", ProcID 159207 
-- latest crash report --
